<?xml version="1.0" encoding="UTF-8"?>
<!-- Generated by org.testng.reporters.JUnitXMLReporter -->
<testsuite ignored="0" hostname="Harshs-MacBook-Pro.local" failures="1" tests="6" name="Test" time="6.811" errors="0" timestamp="2025-08-21T21:33:00 IST">
  <testcase classname="testSuite.getUserTest" name="getBookData" time="0.679"/>
  <testcase classname="testSuite.getUserTest" name="getUserData" time="0.568"/>
  <testcase classname="testSuite.getUserTest" name="getUserData2" time="0.577">
    <failure type="java.lang.AssertionError" message="expected:&amp;lt;1&amp;gt; but was:&amp;lt;3&amp;gt;">
      <![CDATA[java.lang.AssertionError: expected:<1> but was:<3>
at testSuite.getUserTest.getUserData2(getUserTest.java:84)
at java.base/java.util.ArrayList.forEach(ArrayList.java:1596)
... Removed 30 stack frames]]>
    </failure>
  </testcase> <!-- getUserData2 -->
  <testcase classname="testSuite.getUserTest" name="postBookToUserData" time="1.226"/>
  <testcase classname="testSuite.getUserTest" name="deleteBookUserData1" time="0.827"/>
  <testcase classname="testSuite.getUserTest" name="deleteBookUserData1" time="0.722"/>
</testsuite> <!-- Test -->
