{"uuid":"11c5db16-2540-49d8-8cf8-a077337d814d","historyId":"5259264e9775ee80e1e0c659f8b15ff2","fullName":"testSuite.SauceDemoTest.fullFlowTest","labels":[{"name":"package","value":"testSuite.SauceDemoTest"},{"name":"testClass","value":"testSuite.SauceDemoTest"},{"name":"testMethod","value":"fullFlowTest"},{"name":"parentSuite","value":"Suite"},{"name":"suite","value":"Test"},{"name":"subSuite","value":"testSuite.SauceDemoTest"},{"name":"host","value":"Harshs-MacBook-Pro.local"},{"name":"thread","value":"40962@Harshs-MacBook-Pro.local.main(1)"},{"name":"framework","value":"testng"},{"name":"language","value":"java"}],"links":[],"name":"fullFlowTest","status":"broken","statusDetails":{"known":false,"muted":false,"flaky":false,"message":"Failed to type into By.id: logout_sidebar_link after 3 attempts","trace":"java.lang.RuntimeException: Failed to type into By.id: logout_sidebar_link after 3 attempts\n\tat testSuite.BasePage.clickWhenReady(SauceDemoTest.java:119)\n\tat testSuite.CartPage.doLogout(SauceDemoTest.java:237)\n\tat testSuite.SauceDemoTest.fullFlowTest(SauceDemoTest.java:255)\n\tat java.base/jdk.internal.reflect.DirectMethodHandleAccessor.invoke(DirectMethodHandleAccessor.java:103)\n\tat java.base/java.lang.reflect.Method.invoke(Method.java:580)\n\tat org.testng.internal.MethodInvocationHelper.invokeMethod(MethodInvocationHelper.java:84)\n\tat org.testng.internal.Invoker.invokeMethod(Invoker.java:714)\n\tat org.testng.internal.Invoker.invokeTestMethod(Invoker.java:901)\n\tat org.testng.internal.Invoker.invokeTestMethods(Invoker.java:1231)\n\tat org.testng.internal.TestMethodWorker.invokeTestMethods(TestMethodWorker.java:127)\n\tat org.testng.internal.TestMethodWorker.run(TestMethodWorker.java:111)\n\tat org.testng.TestRunner.privateRun(TestRunner.java:767)\n\tat org.testng.TestRunner.run(TestRunner.java:617)\n\tat org.testng.SuiteRunner.runTest(SuiteRunner.java:348)\n\tat org.testng.SuiteRunner.runSequentially(SuiteRunner.java:343)\n\tat org.testng.SuiteRunner.privateRun(SuiteRunner.java:305)\n\tat org.testng.SuiteRunner.run(SuiteRunner.java:254)\n\tat org.testng.SuiteRunnerWorker.runSuite(SuiteRunnerWorker.java:52)\n\tat org.testng.SuiteRunnerWorker.run(SuiteRunnerWorker.java:86)\n\tat org.testng.TestNG.runSuitesSequentially(TestNG.java:1224)\n\tat org.testng.TestNG.runSuitesLocally(TestNG.java:1149)\n\tat org.testng.TestNG.run(TestNG.java:1057)\n\tat org.testng.remote.AbstractRemoteTestNG.run(AbstractRemoteTestNG.java:115)\n\tat org.testng.remote.RemoteTestNG.initAndRun(RemoteTestNG.java:293)\n\tat org.testng.remote.RemoteTestNG.main(RemoteTestNG.java:91)\nCaused by: org.openqa.selenium.TimeoutException: Expected condition failed: waiting for condition (element to be clickable: By.id: logout_sidebar_link) to be refreshed (tried for 10 second(s) with 500 milliseconds interval)\nBuild info: version: '4.21.0', revision: '79ed462ef4'\nSystem info: os.name: 'Mac OS X', os.arch: 'aarch64', os.version: '15.5', java.version: '21.0.7'\nDriver info: org.openqa.selenium.chrome.ChromeDriver\nCapabilities {acceptInsecureCerts: false, browserName: chrome, browserVersion: 138.0.7204.185, chrome: {chromedriverVersion: 138.0.7204.183 (e90faf484dd..., userDataDir: /var/folders/_0/k5b9_bkx65v...}, fedcm:accounts: true, goog:chromeOptions: {debuggerAddress: localhost:64313}, networkConnectionEnabled: false, pageLoadStrategy: normal, platformName: mac, proxy: Proxy(), se:cdp: ws://localhost:64313/devtoo..., se:cdpVersion: 138.0.7204.185, setWindowRect: true, strictFileInteractability: false, timeouts: {implicit: 0, pageLoad: 300000, script: 30000}, unhandledPromptBehavior: dismiss and notify, webauthn:extension:credBlob: true, webauthn:extension:largeBlob: true, webauthn:extension:minPinLength: true, webauthn:extension:prf: true, webauthn:virtualAuthenticators: true}\nSession ID: 76a2b2c0eba0a6daef480e1e9ed277d5\n\tat org.openqa.selenium.support.ui.WebDriverWait.timeoutException(WebDriverWait.java:84)\n\tat org.openqa.selenium.support.ui.FluentWait.until(FluentWait.java:228)\n\tat testSuite.BasePage.safeFind(SauceDemoTest.java:108)\n\tat testSuite.BasePage.clickWhenReady(SauceDemoTest.java:115)\n\t... 24 more\n"},"stage":"finished","steps":[],"attachments":[],"parameters":[],"start":1754651216055,"stop":1754651248375}